<?xml version="1.0" encoding="UTF-8"?>
<!-- Generated by org.testng.reporters.JUnitReportReporter -->
<testsuite hostname="Avi-E6410" name="fi.test.NewTest" tests="1" failures="0" timestamp="11 Apr 2016 05:19:49 GMT" time="0.017" errors="0">
  <testcase name="f" time="0.017" classname="fi.test.NewTest"/>
</testsuite> <!-- fi.test.NewTest -->
