<?xml version="1.0" encoding="UTF-8"?>
<!-- Generated by org.testng.reporters.JUnitReportReporter -->
<testsuite hostname="Avi-E6410" name="TestNGTests.NewTest" tests="1" failures="0" timestamp="11 Apr 2016 19:05:51 GMT" time="0.039" errors="0">
  <testcase name="f" time="0.039" classname="TestNGTests.NewTest"/>
</testsuite> <!-- TestNGTests.NewTest -->
