<?xml version="1.0" encoding="UTF-8"?>
<!-- Generated by org.testng.reporters.JUnitReportReporter -->
<testsuite hostname="Avi-E6410" name="TestNGTests.FindPhotoInAlbumTest" tests="1" failures="0" timestamp="2 May 2016 23:47:09 GMT" time="0.010" errors="0">
  <testcase name="f" time="0.010" classname="TestNGTests.FindPhotoInAlbumTest"/>
</testsuite> <!-- TestNGTests.FindPhotoInAlbumTest -->
